#
# A fatal error has been detected by the Java Runtime Environment:
#
#  Internal Error (javaClasses.cpp:129), pid=8088, tid=764
#  fatal error: Invalid layout of preloaded class
#
# JRE version: 7.0_21-b11
# Java VM: Java HotSpot(TM) 64-Bit Server VM (23.21-b01 mixed mode windows-amd64 compressed oops)
# Failed to write core dump. Minidumps are not enabled by default on client versions of Windows
#
# If you would like to submit a bug report, please visit:
#   http://bugreport.sun.com/bugreport/crash.jsp
#

---------------  T H R E A D  ---------------

Current thread (0x0000000002afd800):  JavaThread "Unknown thread" [_thread_in_vm, id=764, stack(0x00000000029d0000,0x0000000002ad0000)]

Stack: [0x00000000029d0000,0x0000000002ad0000]

---------------  P R O C E S S  ---------------

Java Threads: ( => current thread )

Other Threads:

=>0x0000000002afd800 (exited) JavaThread "Unknown thread" [_thread_in_vm, id=764, stack(0x00000000029d0000,0x0000000002ad0000)]

VM state:not at safepoint (not fully initialized)

VM Mutex/Monitor currently owned by a thread: None

GC Heap History (0 events):
No events

Deoptimization events (0 events):
No events

Internal exceptions (0 events):
No events

Events (10 events):
Event: 0.017 loading class 0x0000000002b13b00 done
Event: 0.017 loading class 0x0000000002b13890 done
Event: 0.017 loading class 0x0000000002b13ad0
Event: 0.018 loading class 0x0000000002b4f850
Event: 0.018 loading class 0x0000000002b4f850 done
Event: 0.018 loading class 0x0000000002b4f650
Event: 0.018 loading class 0x0000000002b4f650 done
Event: 0.018 loading class 0x0000000002b6d320
Event: 0.018 loading class 0x0000000002b6d320 done
Event: 0.018 loading class 0x0000000002b13ad0 done


Dynamic libraries:
0x000007f68f0a0000 - 0x000007f68f0d3000 	C:\Program Files\Java\jre7\bin\javaw.exe
0x000007fbde590000 - 0x000007fbde750000 	C:\Windows\SYSTEM32\ntdll.dll
0x000007fbdd340000 - 0x000007fbdd476000 	C:\Windows\system32\KERNEL32.DLL
0x000007fbdb740000 - 0x000007fbdb833000 	C:\Windows\system32\KERNELBASE.dll
0x000007fbddd90000 - 0x000007fbdde6e000 	C:\Windows\system32\ADVAPI32.dll
0x000007fbde440000 - 0x000007fbde58c000 	C:\Windows\system32\USER32.dll
0x000007fbda5d0000 - 0x000007fbda83a000 	C:\Windows\WinSxS\amd64_microsoft.windows.common-controls_6595b64144ccf1df_6.0.9200.16579_none_418ab7ef718b27ef\COMCTL32.dll
0x000007fbdd6b0000 - 0x000007fbdd755000 	C:\Windows\system32\msvcrt.dll
0x000007fbdba10000 - 0x000007fbdba58000 	C:\Windows\SYSTEM32\sechost.dll
0x000007fbde2a0000 - 0x000007fbde3e0000 	C:\Windows\system32\RPCRT4.dll
0x000007fbdda20000 - 0x000007fbddb60000 	C:\Windows\system32\GDI32.dll
0x000007fbdd240000 - 0x000007fbdd279000 	C:\Windows\system32\IMM32.DLL
0x000007fbdcf90000 - 0x000007fbdd0a5000 	C:\Windows\system32\MSCTF.dll
0x00000000670a0000 - 0x0000000067171000 	C:\Program Files\Java\jre7\bin\msvcr100.dll
0x0000000066970000 - 0x0000000067091000 	C:\Program Files\Java\jre7\bin\server\jvm.dll
0x000007fbd3890000 - 0x000007fbd3899000 	C:\Windows\SYSTEM32\WSOCK32.dll
0x000007fbd4d80000 - 0x000007fbd4da0000 	C:\Windows\SYSTEM32\WINMM.dll
0x000007fbdd0b0000 - 0x000007fbdd0b7000 	C:\Windows\system32\PSAPI.DLL
0x000007fbddb60000 - 0x000007fbddbb8000 	C:\Windows\system32\WS2_32.dll
0x000007fbd4d40000 - 0x000007fbd4d72000 	C:\Windows\SYSTEM32\WINMMBASE.dll
0x000007fbdd280000 - 0x000007fbdd289000 	C:\Windows\system32\NSI.dll
0x0000000066960000 - 0x000000006696f000 	C:\Program Files\Java\jre7\bin\verify.dll
0x0000000066930000 - 0x0000000066958000 	C:\Program Files\Java\jre7\bin\java.dll
0x0000000066910000 - 0x0000000066925000 	C:\Program Files\Java\jre7\bin\zip.dll

VM Arguments:
jvm_args: -Dfile.encoding=Cp1252 -Xbootclasspath:C:\Users\Matias_2\AppData\Local\Android\android-sdk\platforms\android-10\android.jar 
java_command: utils.Loader
Launcher Type: SUN_STANDARD

Environment Variables:
PATH=C:\Python27\;C:\Python27\Scripts;C:\Windows\system32;C:\Windows;C:\Windows\System32\Wbem;C:\Windows\System32\WindowsPowerShell\v1.0\;C:\Program Files\Microsoft\Web Platform Installer\;C:\Program Files (x86)\Microsoft ASP.NET\ASP.NET Web Pages\v1.0\;C:\Program Files (x86)\Windows Kits\8.0\Windows Performance Toolkit\;C:\Program Files\Microsoft SQL Server\110\Tools\Binn\;C:\Program Files (x86)\GtkSharp\2.12\bin;C:\Program Files\Intel\WiFi\bin\;C:\Program Files\Common Files\Intel\WirelessCommon\;C:\Users\Matias_2\AppData\Roaming\Python\Scripts;C:\Program Files\Intel\WiFi\bin\;C:\Program Files\Common Files\Intel\WirelessCommon\
USERNAME=Matias_2
OS=Windows_NT
PROCESSOR_IDENTIFIER=Intel64 Family 6 Model 58 Stepping 9, GenuineIntel



---------------  S Y S T E M  ---------------

OS: Windows 8 , 64 bit Build 9200 

CPU:total 4 (2 cores per cpu, 2 threads per core) family 6 model 58 stepping 9, cmov, cx8, fxsr, mmx, sse, sse2, sse3, ssse3, sse4.1, sse4.2, popcnt, avx, ht, tsc, tscinvbit, tscinv

Memory: 4k page, physical 3911652k(748032k free), swap 7450596k(2890948k free)

vm_info: Java HotSpot(TM) 64-Bit Server VM (23.21-b01) for windows-amd64 JRE (1.7.0_21-b11), built on Apr  4 2013 08:11:28 by "java_re" with unknown MS VC++:1600

time: Tue Jun 11 13:23:06 2013
elapsed time: 0 seconds

